<?xml version="1.0" encoding="UTF-8" ?>
<testsuite failures="0" time="82.075" errors="0" skipped="0" tests="9" name="edu.isi.bmkeg.CommandLineToolTest">
  <properties>
    <property name="java.runtime.name" value="Java(TM) SE Runtime Environment"/>
    <property name="sun.boot.library.path" value="/System/Library/Java/JavaVirtualMachines/1.6.0.jdk/Contents/Libraries"/>
    <property name="java.vm.version" value="20.4-b02-402"/>
    <property name="awt.nativeDoubleBuffering" value="true"/>
    <property name="gopherProxySet" value="false"/>
    <property name="mrj.build" value="11M3527"/>
    <property name="java.vm.vendor" value="Apple Inc."/>
    <property name="java.vendor.url" value="http://www.apple.com/"/>
    <property name="path.separator" value=":"/>
    <property name="java.vm.name" value="Java HotSpot(TM) 64-Bit Server VM"/>
    <property name="file.encoding.pkg" value="sun.io"/>
    <property name="user.country" value="US"/>
    <property name="sun.java.launcher" value="SUN_STANDARD"/>
    <property name="sun.os.patch.level" value="unknown"/>
    <property name="java.vm.specification.name" value="Java Virtual Machine Specification"/>
    <property name="user.dir" value="/Users/cartic/Documents/workspace/LayoutAwarePDFText"/>
    <property name="java.runtime.version" value="1.6.0_29-b11-402-11M3527"/>
    <property name="java.awt.graphicsenv" value="apple.awt.CGraphicsEnvironment"/>
    <property name="basedir" value="/Users/cartic/Documents/workspace/LayoutAwarePDFText"/>
    <property name="java.endorsed.dirs" value="/System/Library/Java/JavaVirtualMachines/1.6.0.jdk/Contents/Home/lib/endorsed"/>
    <property name="os.arch" value="x86_64"/>
    <property name="surefire.real.class.path" value="/var/folders/ky/7_j2fv457gl95q6cd3y8w2g80000gn/T/surefirebooter6939198177507625174.jar"/>
    <property name="java.io.tmpdir" value="/var/folders/ky/7_j2fv457gl95q6cd3y8w2g80000gn/T/"/>
    <property name="apple.awt.graphics.UseOpenGL" value="false"/>
    <property name="line.separator" value="
"/>
    <property name="java.vm.specification.vendor" value="Sun Microsystems Inc."/>
    <property name="os.name" value="Mac OS X"/>
    <property name="hacked" value="true"/>
    <property name="sun.jnu.encoding" value="MacRoman"/>
    <property name="java.library.path" value=".:/Library/Java/Extensions:/System/Library/Java/Extensions:/usr/lib/java"/>
    <property name="surefire.test.class.path" value="/Users/cartic/Documents/workspace/LayoutAwarePDFText/target/test-classes:/Users/cartic/Documents/workspace/LayoutAwarePDFText/target/classes:/Users/cartic/.m2/repository/org/apache/uima/uimaj-adapter-vinci/2.3.1/uimaj-adapter-vinci-2.3.1.jar:/Users/cartic/.m2/repository/org/apache/uima/uimaj-core/2.3.1/uimaj-core-2.3.1.jar:/Users/cartic/.m2/repository/org/apache/uima/jVinci/2.3.1/jVinci-2.3.1.jar:/Users/cartic/.m2/repository/org/apache/uima/uimaj-cpe/2.3.1/uimaj-cpe-2.3.1.jar:/Users/cartic/.m2/repository/org/apache/uima/uimaj-document-annotation/2.3.1/uimaj-document-annotation-2.3.1.jar:/Users/cartic/.m2/repository/org/apache/uima/uimaj-tools/2.3.1/uimaj-tools-2.3.1.jar:/Users/cartic/.m2/repository/org/drools/drools-core/5.1.0/drools-core-5.1.0.jar:/Users/cartic/.m2/repository/org/mvel/mvel2/2.0.16/mvel2-2.0.16.jar:/Users/cartic/.m2/repository/org/drools/drools-api/5.1.0/drools-api-5.1.0.jar:/Users/cartic/.m2/repository/org/drools/drools-compiler/5.1.0/drools-compiler-5.1.0.jar:/Users/cartic/.m2/repository/org/antlr/antlr-runtime/3.1.3/antlr-runtime-3.1.3.jar:/Users/cartic/.m2/repository/org/eclipse/jdt/core/compiler/ecj/3.5.1/ecj-3.5.1.jar:/Users/cartic/.m2/repository/org/drools/drools-decisiontables/5.1.0/drools-decisiontables-5.1.0.jar:/Users/cartic/.m2/repository/org/drools/drools-templates/5.1.0/drools-templates-5.1.0.jar:/Users/cartic/.m2/repository/net/sourceforge/jexcelapi/jxl/2.6.10/jxl-2.6.10.jar:/Users/cartic/.m2/repository/log4j/log4j/1.2.14/log4j-1.2.14.jar:/Users/cartic/.m2/repository/org/jpedal/jpedal/1.1/jpedal-1.1.jar:/Users/cartic/.m2/repository/com/infomatiq/jsi/1.0b6/jsi-1.0b6.jar:/Users/cartic/.m2/repository/trove/trove/2.0.4/trove-2.0.4.jar:/Users/cartic/.m2/repository/xalan/xalan/2.7.1/xalan-2.7.1.jar:/Users/cartic/.m2/repository/xalan/serializer/2.7.1/serializer-2.7.1.jar:/Users/cartic/.m2/repository/xml-apis/xml-apis/1.3.04/xml-apis-1.3.04.jar:/Users/cartic/.m2/repository/xerces/xercesImpl/2.9.1/xercesImpl-2.9.1.jar:/Users/cartic/.m2/repository/org/uimafit/uimafit/1.1.0/uimafit-1.1.0.jar:/Users/cartic/.m2/repository/commons-lang/commons-lang/2.4/commons-lang-2.4.jar:/Users/cartic/.m2/repository/commons-io/commons-io/1.4/commons-io-1.4.jar:/Users/cartic/.m2/repository/org/springframework/spring-core/3.0.3.RELEASE/spring-core-3.0.3.RELEASE.jar:/Users/cartic/.m2/repository/commons-logging/commons-logging/1.1.1/commons-logging-1.1.1.jar:/Users/cartic/.m2/repository/junit/junit/4.8.2/junit-4.8.2.jar:/Users/cartic/.m2/repository/org/bouncycastle/bcprov-ext-jdk16/1.46/bcprov-ext-jdk16-1.46.jar:"/>
    <property name="java.specification.name" value="Java Platform API Specification"/>
    <property name="java.class.version" value="50.0"/>
    <property name="sun.management.compiler" value="HotSpot 64-Bit Tiered Compilers"/>
    <property name="os.version" value="10.7.2"/>
    <property name="http.nonProxyHosts" value="local|*.local|169.254/16|*.169.254/16"/>
    <property name="user.home" value="/Users/cartic"/>
    <property name="user.timezone" value=""/>
    <property name="java.awt.printerjob" value="apple.awt.CPrinterJob"/>
    <property name="java.specification.version" value="1.6"/>
    <property name="file.encoding" value="MacRoman"/>
    <property name="user.name" value="cartic"/>
    <property name="java.class.path" value="/Users/cartic/Documents/workspace/LayoutAwarePDFText/target/test-classes:/Users/cartic/Documents/workspace/LayoutAwarePDFText/target/classes:/Users/cartic/.m2/repository/org/apache/uima/uimaj-adapter-vinci/2.3.1/uimaj-adapter-vinci-2.3.1.jar:/Users/cartic/.m2/repository/org/apache/uima/uimaj-core/2.3.1/uimaj-core-2.3.1.jar:/Users/cartic/.m2/repository/org/apache/uima/jVinci/2.3.1/jVinci-2.3.1.jar:/Users/cartic/.m2/repository/org/apache/uima/uimaj-cpe/2.3.1/uimaj-cpe-2.3.1.jar:/Users/cartic/.m2/repository/org/apache/uima/uimaj-document-annotation/2.3.1/uimaj-document-annotation-2.3.1.jar:/Users/cartic/.m2/repository/org/apache/uima/uimaj-tools/2.3.1/uimaj-tools-2.3.1.jar:/Users/cartic/.m2/repository/org/drools/drools-core/5.1.0/drools-core-5.1.0.jar:/Users/cartic/.m2/repository/org/mvel/mvel2/2.0.16/mvel2-2.0.16.jar:/Users/cartic/.m2/repository/org/drools/drools-api/5.1.0/drools-api-5.1.0.jar:/Users/cartic/.m2/repository/org/drools/drools-compiler/5.1.0/drools-compiler-5.1.0.jar:/Users/cartic/.m2/repository/org/antlr/antlr-runtime/3.1.3/antlr-runtime-3.1.3.jar:/Users/cartic/.m2/repository/org/eclipse/jdt/core/compiler/ecj/3.5.1/ecj-3.5.1.jar:/Users/cartic/.m2/repository/org/drools/drools-decisiontables/5.1.0/drools-decisiontables-5.1.0.jar:/Users/cartic/.m2/repository/org/drools/drools-templates/5.1.0/drools-templates-5.1.0.jar:/Users/cartic/.m2/repository/net/sourceforge/jexcelapi/jxl/2.6.10/jxl-2.6.10.jar:/Users/cartic/.m2/repository/log4j/log4j/1.2.14/log4j-1.2.14.jar:/Users/cartic/.m2/repository/org/jpedal/jpedal/1.1/jpedal-1.1.jar:/Users/cartic/.m2/repository/com/infomatiq/jsi/1.0b6/jsi-1.0b6.jar:/Users/cartic/.m2/repository/trove/trove/2.0.4/trove-2.0.4.jar:/Users/cartic/.m2/repository/xalan/xalan/2.7.1/xalan-2.7.1.jar:/Users/cartic/.m2/repository/xalan/serializer/2.7.1/serializer-2.7.1.jar:/Users/cartic/.m2/repository/xml-apis/xml-apis/1.3.04/xml-apis-1.3.04.jar:/Users/cartic/.m2/repository/xerces/xercesImpl/2.9.1/xercesImpl-2.9.1.jar:/Users/cartic/.m2/repository/org/uimafit/uimafit/1.1.0/uimafit-1.1.0.jar:/Users/cartic/.m2/repository/commons-lang/commons-lang/2.4/commons-lang-2.4.jar:/Users/cartic/.m2/repository/commons-io/commons-io/1.4/commons-io-1.4.jar:/Users/cartic/.m2/repository/org/springframework/spring-core/3.0.3.RELEASE/spring-core-3.0.3.RELEASE.jar:/Users/cartic/.m2/repository/commons-logging/commons-logging/1.1.1/commons-logging-1.1.1.jar:/Users/cartic/.m2/repository/junit/junit/4.8.2/junit-4.8.2.jar:/Users/cartic/.m2/repository/org/bouncycastle/bcprov-ext-jdk16/1.46/bcprov-ext-jdk16-1.46.jar:"/>
    <property name="apple.awt.graphics.UseQuartz" value="false"/>
    <property name="java.vm.specification.version" value="1.0"/>
    <property name="sun.arch.data.model" value="64"/>
    <property name="java.home" value="/System/Library/Java/JavaVirtualMachines/1.6.0.jdk/Contents/Home"/>
    <property name="sun.java.command" value="/var/folders/ky/7_j2fv457gl95q6cd3y8w2g80000gn/T/surefirebooter6939198177507625174.jar /var/folders/ky/7_j2fv457gl95q6cd3y8w2g80000gn/T/surefire4974248324794039776tmp /var/folders/ky/7_j2fv457gl95q6cd3y8w2g80000gn/T/surefire3030736462662804729tmp"/>
    <property name="java.specification.vendor" value="Sun Microsystems Inc."/>
    <property name="user.language" value="en"/>
    <property name="awt.toolkit" value="apple.awt.CToolkit"/>
    <property name="java.vm.info" value="mixed mode"/>
    <property name="java.version" value="1.6.0_29"/>
    <property name="java.ext.dirs" value="/Library/Java/Extensions:/System/Library/Java/Extensions:/System/Library/Java/JavaVirtualMachines/1.6.0.jdk/Contents/Home/lib/ext"/>
    <property name="sun.boot.class.path" value="/System/Library/Java/JavaVirtualMachines/1.6.0.jdk/Contents/Classes/jsfd.jar:/System/Library/Java/JavaVirtualMachines/1.6.0.jdk/Contents/Classes/classes.jar:/System/Library/Frameworks/JavaVM.framework/Frameworks/JavaRuntimeSupport.framework/Resources/Java/JavaRuntimeSupport.jar:/System/Library/Java/JavaVirtualMachines/1.6.0.jdk/Contents/Classes/ui.jar:/System/Library/Java/JavaVirtualMachines/1.6.0.jdk/Contents/Classes/laf.jar:/System/Library/Java/JavaVirtualMachines/1.6.0.jdk/Contents/Classes/sunrsasign.jar:/System/Library/Java/JavaVirtualMachines/1.6.0.jdk/Contents/Classes/jsse.jar:/System/Library/Java/JavaVirtualMachines/1.6.0.jdk/Contents/Classes/jce.jar:/System/Library/Java/JavaVirtualMachines/1.6.0.jdk/Contents/Classes/charsets.jar"/>
    <property name="java.vendor" value="Apple Inc."/>
    <property name="localRepository" value="/Users/cartic/.m2/repository"/>
    <property name="file.separator" value="/"/>
    <property name="java.vendor.url.bug" value="http://bugreport.apple.com/"/>
    <property name="sun.cpu.endian" value="little"/>
    <property name="sun.io.unicode.encoding" value="UnicodeLittle"/>
    <property name="mrj.version" value="1070.1.6.0_29-402"/>
    <property name="socksNonProxyHosts" value="local|*.local|169.254/16|*.169.254/16"/>
    <property name="ftp.nonProxyHosts" value="local|*.local|169.254/16|*.169.254/16"/>
    <property name="sun.cpu.isalist" value=""/>
    <property name="sun.awt.exception.handler" value="apple.awt.CToolkit$EventQueueExceptionHandler"/>
  </properties>
  <testcase time="16.116" classname="edu.isi.bmkeg.CommandLineToolTest" name="testBlockStats"/>
  <testcase time="7.607" classname="edu.isi.bmkeg.CommandLineToolTest" name="test1"/>
  <testcase time="7.797" classname="edu.isi.bmkeg.CommandLineToolTest" name="test2"/>
  <testcase time="17.985" classname="edu.isi.bmkeg.CommandLineToolTest" name="test3"/>
  <testcase time="12.506" classname="edu.isi.bmkeg.CommandLineToolTest" name="test3Excel"/>
  <testcase time="12.615" classname="edu.isi.bmkeg.CommandLineToolTest" name="test4"/>
  <testcase time="0.002" classname="edu.isi.bmkeg.CommandLineToolTest" name="test5"/>
  <testcase time="3.124" classname="edu.isi.bmkeg.CommandLineToolTest" name="testInfiniteLoop"/>
  <testcase time="4.283" classname="edu.isi.bmkeg.CommandLineToolTest" name="testGeneral"/>
</testsuite>